E:\STUDY\ACTIVEMQ\MYSAMPLES\MSACTIVEMQ\MSACTIVEMQ\RELEASE\ACTIVEMQCONSUMER.OBJ
E:\STUDY\ACTIVEMQ\MYSAMPLES\MSACTIVEMQ\MSACTIVEMQ\RELEASE\ACTIVEMQPRODUCER.OBJ
E:\study\Activemq\mysamples\MsActiveMQ\MsActiveMQ\Release\cl.command.1.tlog
E:\study\Activemq\mysamples\MsActiveMQ\MsActiveMQ\Release\CL.read.1.tlog
E:\study\Activemq\mysamples\MsActiveMQ\MsActiveMQ\Release\CL.write.1.tlog
E:\study\Activemq\mysamples\MsActiveMQ\MsActiveMQ\Release\link.command.1.tlog
E:\study\Activemq\mysamples\MsActiveMQ\MsActiveMQ\Release\link.read.1.tlog
E:\study\Activemq\mysamples\MsActiveMQ\MsActiveMQ\Release\link.write.1.tlog
E:\study\Activemq\mysamples\MsActiveMQ\MsActiveMQ\Release\link-cvtres.read.1.tlog
E:\study\Activemq\mysamples\MsActiveMQ\MsActiveMQ\Release\link-cvtres.write.1.tlog
E:\STUDY\ACTIVEMQ\MYSAMPLES\MSACTIVEMQ\MSACTIVEMQ\RELEASE\MSACTIVEMQ.EXE.INTERMEDIATE.MANIFEST
E:\STUDY\ACTIVEMQ\MYSAMPLES\MSACTIVEMQ\MSACTIVEMQ\RELEASE\MSACTIVEMQ.OBJ
E:\STUDY\ACTIVEMQ\MYSAMPLES\MSACTIVEMQ\MSACTIVEMQ\RELEASE\MSACTIVEMQ.PCH
E:\STUDY\ACTIVEMQ\MYSAMPLES\MSACTIVEMQ\MSACTIVEMQ\RELEASE\MSACTIVEMQ.RES
E:\STUDY\ACTIVEMQ\MYSAMPLES\MSACTIVEMQ\MSACTIVEMQ\RELEASE\MSACTIVEMQDLG.OBJ
E:\study\Activemq\mysamples\MsActiveMQ\MsActiveMQ\Release\mt.command.1.tlog
E:\study\Activemq\mysamples\MsActiveMQ\MsActiveMQ\Release\mt.read.1.tlog
E:\study\Activemq\mysamples\MsActiveMQ\MsActiveMQ\Release\mt.write.1.tlog
E:\study\Activemq\mysamples\MsActiveMQ\MsActiveMQ\Release\rc.command.1.tlog
E:\study\Activemq\mysamples\MsActiveMQ\MsActiveMQ\Release\rc.read.1.tlog
E:\study\Activemq\mysamples\MsActiveMQ\MsActiveMQ\Release\rc.write.1.tlog
E:\STUDY\ACTIVEMQ\MYSAMPLES\MSACTIVEMQ\MSACTIVEMQ\RELEASE\STDAFX.OBJ
E:\STUDY\ACTIVEMQ\MYSAMPLES\MSACTIVEMQ\MSACTIVEMQ\RELEASE\VC100.PDB
E:\STUDY\ACTIVEMQ\MYSAMPLES\MSACTIVEMQ\RELEASE\MSACTIVEMQ.EXE
E:\STUDY\ACTIVEMQ\MYSAMPLES\MSACTIVEMQ\RELEASE\MSACTIVEMQ.PDB
