E:\STUDY\ACTIVEMQ\MYSAMPLES\MSACTIVEMQ\DEBUG\MSACTIVEMQ.EXE
E:\STUDY\ACTIVEMQ\MYSAMPLES\MSACTIVEMQ\DEBUG\MSACTIVEMQ.ILK
E:\STUDY\ACTIVEMQ\MYSAMPLES\MSACTIVEMQ\DEBUG\MSACTIVEMQ.PDB
E:\STUDY\ACTIVEMQ\MYSAMPLES\MSACTIVEMQ\MSACTIVEMQ\DEBUG\ACTIVEMQCONSUMER.OBJ
E:\STUDY\ACTIVEMQ\MYSAMPLES\MSACTIVEMQ\MSACTIVEMQ\DEBUG\ACTIVEMQPRODUCER.OBJ
E:\study\Activemq\mysamples\MsActiveMQ\MsActiveMQ\Debug\cl.command.1.tlog
E:\study\Activemq\mysamples\MsActiveMQ\MsActiveMQ\Debug\CL.read.1.tlog
E:\study\Activemq\mysamples\MsActiveMQ\MsActiveMQ\Debug\CL.write.1.tlog
E:\study\Activemq\mysamples\MsActiveMQ\MsActiveMQ\Debug\link.700.read.1.tlog
E:\study\Activemq\mysamples\MsActiveMQ\MsActiveMQ\Debug\link.700.write.1.tlog
E:\study\Activemq\mysamples\MsActiveMQ\MsActiveMQ\Debug\link.700-cvtres.read.1.tlog
E:\study\Activemq\mysamples\MsActiveMQ\MsActiveMQ\Debug\link.700-cvtres.write.1.tlog
E:\study\Activemq\mysamples\MsActiveMQ\MsActiveMQ\Debug\link.command.1.tlog
E:\study\Activemq\mysamples\MsActiveMQ\MsActiveMQ\Debug\link.read.1.tlog
E:\study\Activemq\mysamples\MsActiveMQ\MsActiveMQ\Debug\link.write.1.tlog
E:\study\Activemq\mysamples\MsActiveMQ\MsActiveMQ\Debug\link-cvtres.read.1.tlog
E:\study\Activemq\mysamples\MsActiveMQ\MsActiveMQ\Debug\link-cvtres.write.1.tlog
E:\STUDY\ACTIVEMQ\MYSAMPLES\MSACTIVEMQ\MSACTIVEMQ\DEBUG\MSACTIVEMQ.EXE.EMBED.MANIFEST
E:\STUDY\ACTIVEMQ\MYSAMPLES\MSACTIVEMQ\MSACTIVEMQ\DEBUG\MSACTIVEMQ.EXE.EMBED.MANIFEST.RES
E:\STUDY\ACTIVEMQ\MYSAMPLES\MSACTIVEMQ\MSACTIVEMQ\DEBUG\MSACTIVEMQ.EXE.INTERMEDIATE.MANIFEST
E:\STUDY\ACTIVEMQ\MYSAMPLES\MSACTIVEMQ\MSACTIVEMQ\DEBUG\MSACTIVEMQ.OBJ
E:\STUDY\ACTIVEMQ\MYSAMPLES\MSACTIVEMQ\MSACTIVEMQ\DEBUG\MSACTIVEMQ.PCH
E:\STUDY\ACTIVEMQ\MYSAMPLES\MSACTIVEMQ\MSACTIVEMQ\DEBUG\MSACTIVEMQ.RES
E:\study\Activemq\mysamples\MsActiveMQ\MsActiveMQ\Debug\MsActiveMQ_manifest.rc
E:\STUDY\ACTIVEMQ\MYSAMPLES\MSACTIVEMQ\MSACTIVEMQ\DEBUG\MSACTIVEMQDLG.OBJ
E:\study\Activemq\mysamples\MsActiveMQ\MsActiveMQ\Debug\mt.command.1.tlog
E:\study\Activemq\mysamples\MsActiveMQ\MsActiveMQ\Debug\mt.read.1.tlog
E:\study\Activemq\mysamples\MsActiveMQ\MsActiveMQ\Debug\mt.write.1.tlog
E:\study\Activemq\mysamples\MsActiveMQ\MsActiveMQ\Debug\rc.command.1.tlog
E:\study\Activemq\mysamples\MsActiveMQ\MsActiveMQ\Debug\rc.read.1.tlog
E:\study\Activemq\mysamples\MsActiveMQ\MsActiveMQ\Debug\rc.write.1.tlog
E:\STUDY\ACTIVEMQ\MYSAMPLES\MSACTIVEMQ\MSACTIVEMQ\DEBUG\STDAFX.OBJ
E:\study\Activemq\mysamples\MsActiveMQ\MsActiveMQ\Debug\vc100.idb
E:\STUDY\ACTIVEMQ\MYSAMPLES\MSACTIVEMQ\MSACTIVEMQ\DEBUG\VC100.PDB
