e:\tree\woxu\visualdistance\visualdistance\debug\visualdistance.pch
e:\tree\woxu\visualdistance\visualdistance\debug\vc140.pdb
e:\tree\woxu\visualdistance\visualdistance\debug\vc140.idb
e:\tree\woxu\visualdistance\visualdistance\debug\stdafx.obj
e:\tree\woxu\visualdistance\visualdistance\debug\dlgopenserial.obj
e:\tree\woxu\visualdistance\visualdistance\debug\mainfrm.obj
e:\tree\woxu\visualdistance\visualdistance\debug\serialport.obj
e:\tree\woxu\visualdistance\visualdistance\debug\visualdistance.obj
e:\tree\woxu\visualdistance\visualdistance\debug\visualdistancedoc.obj
e:\tree\woxu\visualdistance\visualdistance\debug\visualdistanceview.obj
e:\tree\woxu\visualdistance\visualdistance\debug\dlgajust.obj
e:\tree\woxu\visualdistance\debug\visualdistance.ilk
e:\tree\woxu\visualdistance\debug\visualdistance.exe
e:\tree\woxu\visualdistance\debug\visualdistance.pdb
e:\tree\woxu\visualdistance\visualdistance\debug\visualdistance.res
e:\tree\woxu\visualdistance\visualdistance\debug\visualdistance.tlog\cl.command.1.tlog
e:\tree\woxu\visualdistance\visualdistance\debug\visualdistance.tlog\cl.read.1.tlog
e:\tree\woxu\visualdistance\visualdistance\debug\visualdistance.tlog\cl.write.1.tlog
e:\tree\woxu\visualdistance\visualdistance\debug\visualdistance.tlog\link.command.1.tlog
e:\tree\woxu\visualdistance\visualdistance\debug\visualdistance.tlog\link.read.1.tlog
e:\tree\woxu\visualdistance\visualdistance\debug\visualdistance.tlog\link.write.1.tlog
e:\tree\woxu\visualdistance\visualdistance\debug\visualdistance.tlog\rc.command.1.tlog
e:\tree\woxu\visualdistance\visualdistance\debug\visualdistance.tlog\rc.read.1.tlog
e:\tree\woxu\visualdistance\visualdistance\debug\visualdistance.tlog\rc.write.1.tlog
