e:\shen\windows\projs\visualdistance\visualdistance\visualdistance\release\visualdistance.pch
e:\shen\windows\projs\visualdistance\visualdistance\visualdistance\release\vc140.pdb
e:\shen\windows\projs\visualdistance\visualdistance\visualdistance\release\stdafx.obj
e:\shen\windows\projs\visualdistance\visualdistance\visualdistance\release\visualdistanceview.obj
e:\shen\windows\projs\visualdistance\visualdistance\visualdistance\release\visualdistancedoc.obj
e:\shen\windows\projs\visualdistance\visualdistance\visualdistance\release\visualdistance.obj
e:\shen\windows\projs\visualdistance\visualdistance\visualdistance\release\serialport.obj
e:\shen\windows\projs\visualdistance\visualdistance\visualdistance\release\mainfrm.obj
e:\shen\windows\projs\visualdistance\visualdistance\visualdistance\release\dlgopenserial.obj
e:\shen\windows\projs\visualdistance\visualdistance\release\visualdistance.exe
e:\shen\windows\projs\visualdistance\visualdistance\release\visualdistance.ipdb
e:\shen\windows\projs\visualdistance\visualdistance\release\visualdistance.iobj
e:\shen\windows\projs\visualdistance\visualdistance\release\visualdistance.pdb
e:\shen\windows\projs\visualdistance\visualdistance\visualdistance\release\visualdistance.res
e:\tree\woxu\visualdistance\visualdistance\release\dlgopenserial.obj
e:\tree\woxu\visualdistance\visualdistance\release\mainfrm.obj
e:\tree\woxu\visualdistance\visualdistance\release\serialport.obj
e:\tree\woxu\visualdistance\visualdistance\release\stdafx.obj
e:\tree\woxu\visualdistance\visualdistance\release\visualdistance.obj
e:\tree\woxu\visualdistance\visualdistance\release\visualdistancedoc.obj
e:\tree\woxu\visualdistance\visualdistance\release\visualdistanceview.obj
e:\tree\woxu\visualdistance\visualdistance\release\visualdistance.res
e:\tree\woxu\visualdistance\visualdistance\release\visualdistance.pch
e:\tree\woxu\visualdistance\visualdistance\release\vc140.pdb
e:\tree\woxu\visualdistance\release\visualdistance.pdb
e:\tree\woxu\visualdistance\release\visualdistance.exe
e:\tree\woxu\visualdistance\visualdistance\release\visualdistance.tlog\cl.command.1.tlog
e:\tree\woxu\visualdistance\visualdistance\release\visualdistance.tlog\cl.read.1.tlog
e:\tree\woxu\visualdistance\visualdistance\release\visualdistance.tlog\cl.write.1.tlog
e:\tree\woxu\visualdistance\visualdistance\release\visualdistance.tlog\link.command.1.tlog
e:\tree\woxu\visualdistance\visualdistance\release\visualdistance.tlog\link.read.1.tlog
e:\tree\woxu\visualdistance\visualdistance\release\visualdistance.tlog\link.write.1.tlog
e:\tree\woxu\visualdistance\visualdistance\release\visualdistance.tlog\rc.command.1.tlog
e:\tree\woxu\visualdistance\visualdistance\release\visualdistance.tlog\rc.read.1.tlog
e:\tree\woxu\visualdistance\visualdistance\release\visualdistance.tlog\rc.write.1.tlog
